Aug 22 14:26 : exception: RTIOThread could not get realtime scheduling, continuing anyway: sched_setscheduler failed: Operation not permitted
Aug 22 14:26 : update: added nmmng/Kapitel_036.mp3
Aug 22 14:26 : update: added nmmng/Kapitel_064.mp3
Aug 22 14:26 : update: added nmmng/Kapitel_123.mp3
Aug 22 14:26 : update: added nmmng/Kapitel_151.mp3
Aug 22 14:26 : update: added nmmng/Kapitel_030.mp3
Aug 22 14:26 : update: added nmmng/Kapitel_099.mp3
Aug 22 14:26 : update: added nmmng/Kapitel_131.mp3
Aug 22 14:26 : update: added nmmng/Kapitel_051.mp3
Aug 22 14:26 : update: added nmmng/Kapitel_056.mp3
Aug 22 14:26 : update: added nmmng/Kapitel_117.mp3
Aug 22 14:26 : update: added nmmng/Kapitel_163.mp3
Aug 22 14:26 : update: added nmmng/Kapitel_164.mp3
Aug 22 14:26 : update: added nmmng/Kapitel_058.mp3
Aug 22 14:26 : update: added nmmng/Kapitel_145.mp3
Aug 22 14:26 : update: added nmmng/Kapitel_028.mp3
Aug 22 14:26 : update: added nmmng/Kapitel_053.mp3
Aug 22 14:26 : update: added nmmng/Kapitel_052.mp3
Aug 22 14:26 : update: added nmmng/Kapitel_134.mp3
Aug 22 14:26 : update: added nmmng/Kapitel_167.mp3
Aug 22 14:26 : update: added nmmng/Kapitel_089.mp3
Aug 22 14:26 : update: added nmmng/Kapitel_014.mp3
Aug 22 14:26 : update: added nmmng/Kapitel_101.mp3
Aug 22 14:26 : update: added nmmng/Kapitel_023.mp3
Aug 22 14:26 : update: added nmmng/Kapitel_143.mp3
Aug 22 14:26 : update: added nmmng/Kapitel_147.mp3
Aug 22 14:26 : update: added nmmng/Kapitel_078.mp3
Aug 22 14:26 : update: added nmmng/Kapitel_066.mp3
Aug 22 14:26 : update: added nmmng/Kapitel_178.mp3
Aug 22 14:26 : update: added nmmng/Kapitel_116.mp3
Aug 22 14:26 : update: added nmmng/Kapitel_106.mp3
Aug 22 14:26 : update: added nmmng/Kapitel_128.mp3
Aug 22 14:26 : update: added nmmng/Kapitel_015.mp3
Aug 22 14:26 : update: added nmmng/Kapitel_110.mp3
Aug 22 14:26 : update: added nmmng/Kapitel_087.mp3
Aug 22 14:26 : update: added nmmng/Kapitel_022.mp3
Aug 22 14:26 : update: added nmmng/Kapitel_168.mp3
Aug 22 14:26 : update: added nmmng/Kapitel_083.mp3
Aug 22 14:26 : update: added nmmng/Kapitel_001.mp3
Aug 22 14:26 : update: added nmmng/Kapitel_161.mp3
Aug 22 14:26 : update: added nmmng/Kapitel_005.mp3
Aug 22 14:26 : update: added nmmng/Kapitel_041.mp3
Aug 22 14:26 : update: added nmmng/Kapitel_198.mp3
Aug 22 14:26 : update: added nmmng/Kapitel_165.mp3
Aug 22 14:26 : update: added nmmng/Kapitel_067.mp3
Aug 22 14:26 : update: added nmmng/Kapitel_035.mp3
Aug 22 14:26 : update: added nmmng/Kapitel_068.mp3
Aug 22 14:26 : update: added nmmng/Kapitel_040.mp3
Aug 22 14:26 : update: added nmmng/Kapitel_130.mp3
Aug 22 14:26 : update: added nmmng/Kapitel_072.mp3
Aug 22 14:26 : update: added nmmng/Kapitel_090.mp3
Aug 22 14:26 : update: added nmmng/Kapitel_108.mp3
Aug 22 14:26 : update: added nmmng/Kapitel_192.mp3
Aug 22 14:26 : update: added nmmng/Kapitel_156.mp3
Aug 22 14:26 : update: added nmmng/Kapitel_079.mp3
Aug 22 14:26 : update: added nmmng/Kapitel_158.mp3
Aug 22 14:26 : update: added nmmng/Kapitel_009.mp3
Aug 22 14:26 : update: added nmmng/Kapitel_185.mp3
Aug 22 14:26 : update: added nmmng/Kapitel_006.mp3
Aug 22 14:26 : update: added nmmng/Kapitel_074.mp3
Aug 22 14:26 : update: added nmmng/Kapitel_004.mp3
Aug 22 14:26 : update: added nmmng/Kapitel_138.mp3
Aug 22 14:26 : update: added nmmng/Kapitel_010.mp3
Aug 22 14:26 : update: added nmmng/Kapitel_113.mp3
Aug 22 14:26 : update: added nmmng/Kapitel_125.mp3
Aug 22 14:26 : update: added nmmng/Kapitel_179.mp3
Aug 22 14:26 : update: added nmmng/Kapitel_086.mp3
Aug 22 14:26 : update: added nmmng/Kapitel_008.mp3
Aug 22 14:26 : update: added nmmng/Kapitel_187.mp3
Aug 22 14:26 : update: added nmmng/Kapitel_063.mp3
Aug 22 14:26 : update: added nmmng/Kapitel_193.mp3
Aug 22 14:26 : update: added nmmng/Kapitel_069.mp3
Aug 22 14:26 : update: added nmmng/Kapitel_148.mp3
Aug 22 14:26 : update: added nmmng/Kapitel_121.mp3
Aug 22 14:26 : update: added nmmng/Kapitel_169.mp3
Aug 22 14:26 : update: added nmmng/Kapitel_075.mp3
Aug 22 14:26 : update: added nmmng/Kapitel_047.mp3
Aug 22 14:26 : update: added nmmng/Kapitel_044.mp3
Aug 22 14:26 : update: added nmmng/Kapitel_032.mp3
Aug 22 14:26 : update: added nmmng/Kapitel_042.mp3
Aug 22 14:26 : update: added nmmng/Kapitel_011.mp3
Aug 22 14:26 : update: added nmmng/Kapitel_146.mp3
Aug 22 14:26 : update: added nmmng/Kapitel_195.mp3
Aug 22 14:26 : update: added nmmng/Kapitel_136.mp3
Aug 22 14:26 : update: added nmmng/Kapitel_024.mp3
Aug 22 14:26 : update: added nmmng/Kapitel_098.mp3
Aug 22 14:26 : update: added nmmng/Kapitel_176.mp3
Aug 22 14:26 : update: added nmmng/Kapitel_003.mp3
Aug 22 14:26 : update: added nmmng/Kapitel_076.mp3
Aug 22 14:26 : update: added nmmng/Kapitel_199.mp3
Aug 22 14:26 : update: added nmmng/Kapitel_182.mp3
Aug 22 14:26 : update: added nmmng/Kapitel_084.mp3
Aug 22 14:26 : update: added nmmng/Kapitel_144.mp3
Aug 22 14:26 : update: added nmmng/Kapitel_133.mp3
Aug 22 14:26 : update: added nmmng/Kapitel_184.mp3
Aug 22 14:26 : update: added nmmng/Kapitel_095.mp3
Aug 22 14:26 : update: added nmmng/Kapitel_129.mp3
Aug 22 14:26 : update: added nmmng/Kapitel_016.mp3
Aug 22 14:26 : update: added nmmng/Kapitel_186.mp3
Aug 22 14:26 : update: added nmmng/Kapitel_054.mp3
Aug 22 14:26 : update: added nmmng/Kapitel_166.mp3
Aug 22 14:26 : update: added nmmng/Kapitel_060.mp3
Aug 22 14:26 : update: added nmmng/Kapitel_025.mp3
Aug 22 14:26 : update: added nmmng/Kapitel_140.mp3
Aug 22 14:26 : update: added nmmng/Kapitel_152.mp3
Aug 22 14:26 : update: added nmmng/Kapitel_105.mp3
Aug 22 14:26 : update: added nmmng/Kapitel_002.mp3
Aug 22 14:26 : update: added nmmng/Kapitel_062.mp3
Aug 22 14:26 : update: added nmmng/Kapitel_077.mp3
Aug 22 14:26 : update: added nmmng/Kapitel_170.mp3
Aug 22 14:26 : update: added nmmng/Kapitel_019.mp3
Aug 22 14:26 : update: added nmmng/Kapitel_122.mp3
Aug 22 14:26 : update: added nmmng/Kapitel_013.mp3
Aug 22 14:26 : update: added nmmng/Kapitel_132.mp3
Aug 22 14:26 : update: added nmmng/Kapitel_183.mp3
Aug 22 14:26 : update: added nmmng/Kapitel_194.mp3
Aug 22 14:26 : update: added nmmng/Kapitel_049.mp3
Aug 22 14:26 : update: added nmmng/Kapitel_174.mp3
Aug 22 14:26 : update: added nmmng/Kapitel_181.mp3
Aug 22 14:26 : update: added nmmng/Kapitel_033.mp3
Aug 22 14:26 : update: added nmmng/Kapitel_027.mp3
Aug 22 14:26 : update: added nmmng/Kapitel_142.mp3
Aug 22 14:26 : update: added nmmng/Kapitel_096.mp3
Aug 22 14:26 : update: added nmmng/Kapitel_126.mp3
Aug 22 14:26 : update: added nmmng/Kapitel_118.mp3
Aug 22 14:26 : update: added nmmng/Kapitel_137.mp3
Aug 22 14:26 : update: added nmmng/Kapitel_172.mp3
Aug 22 14:26 : update: added nmmng/Kapitel_114.mp3
Aug 22 14:26 : update: added nmmng/Kapitel_039.mp3
Aug 22 14:26 : update: added nmmng/Kapitel_155.mp3
Aug 22 14:26 : update: added nmmng/Kapitel_103.mp3
Aug 22 14:26 : update: added nmmng/Kapitel_141.mp3
Aug 22 14:26 : update: added nmmng/Kapitel_017.mp3
Aug 22 14:26 : update: added nmmng/Kapitel_120.mp3
Aug 22 14:26 : update: added nmmng/Kapitel_034.mp3
Aug 22 14:26 : update: added nmmng/Kapitel_020.mp3
Aug 22 14:26 : update: added nmmng/Kapitel_080.mp3
Aug 22 14:26 : update: added nmmng/Kapitel_085.mp3
Aug 22 14:26 : update: added nmmng/Kapitel_171.mp3
Aug 22 14:26 : update: added nmmng/Kapitel_007.mp3
Aug 22 14:26 : update: added nmmng/Kapitel_197.mp3
Aug 22 14:26 : update: added nmmng/Kapitel_157.mp3
Aug 22 14:26 : update: added nmmng/Kapitel_059.mp3
Aug 22 14:26 : update: added nmmng/Kapitel_189.mp3
Aug 22 14:26 : update: added nmmng/Kapitel_173.mp3
Aug 22 14:26 : update: added nmmng/Kapitel_119.mp3
Aug 22 14:26 : update: added nmmng/Kapitel_055.mp3
Aug 22 14:26 : update: added nmmng/Kapitel_091.mp3
Aug 22 14:26 : update: added nmmng/Kapitel_088.mp3
Aug 22 14:26 : update: added nmmng/Kapitel_057.mp3
Aug 22 14:26 : update: added nmmng/Kapitel_031.mp3
Aug 22 14:26 : update: added nmmng/Kapitel_018.mp3
Aug 22 14:26 : update: added nmmng/Kapitel_061.mp3
Aug 22 14:26 : update: added nmmng/Kapitel_094.mp3
Aug 22 14:26 : update: added nmmng/Kapitel_115.mp3
Aug 22 14:26 : update: added nmmng/Kapitel_150.mp3
Aug 22 14:26 : update: added nmmng/Kapitel_191.mp3
Aug 22 14:26 : update: added nmmng/Kapitel_037.mp3
Aug 22 14:26 : update: added nmmng/Kapitel_201.mp3
Aug 22 14:26 : update: added nmmng/Kapitel_180.mp3
Aug 22 14:26 : update: added nmmng/Kapitel_139.mp3
Aug 22 14:26 : update: added nmmng/Kapitel_082.mp3
Aug 22 14:26 : update: added nmmng/Kapitel_038.mp3
Aug 22 14:26 : update: added nmmng/Kapitel_127.mp3
Aug 22 14:26 : update: added nmmng/Kapitel_081.mp3
Aug 22 14:26 : update: added nmmng/Kapitel_046.mp3
Aug 22 14:26 : update: added nmmng/Kapitel_153.mp3
Aug 22 14:26 : update: added nmmng/Kapitel_073.mp3
Aug 22 14:26 : update: added nmmng/Kapitel_026.mp3
Aug 22 14:26 : update: added nmmng/Kapitel_107.mp3
Aug 22 14:26 : update: added nmmng/Kapitel_093.mp3
Aug 22 14:26 : update: added nmmng/Kapitel_159.mp3
Aug 22 14:26 : update: added nmmng/Kapitel_048.mp3
Aug 22 14:26 : update: added nmmng/Kapitel_097.mp3
Aug 22 14:26 : update: added nmmng/Kapitel_100.mp3
Aug 22 14:26 : update: added nmmng/Kapitel_071.mp3
Aug 22 14:26 : update: added nmmng/Kapitel_135.mp3
Aug 22 14:26 : update: added nmmng/Kapitel_065.mp3
Aug 22 14:26 : update: added nmmng/Kapitel_177.mp3
Aug 22 14:26 : update: added nmmng/Kapitel_112.mp3
Aug 22 14:26 : update: added nmmng/Kapitel_188.mp3
Aug 22 14:26 : update: added nmmng/Kapitel_111.mp3
Aug 22 14:26 : update: added nmmng/Kapitel_196.mp3
Aug 22 14:26 : update: added nmmng/Kapitel_102.mp3
Aug 22 14:26 : update: added nmmng/Kapitel_021.mp3
Aug 22 14:26 : update: added nmmng/Kapitel_154.mp3
Aug 22 14:26 : update: added nmmng/Kapitel_043.mp3
Aug 22 14:26 : update: added nmmng/Kapitel_050.mp3
Aug 22 14:26 : update: added nmmng/Kapitel_070.mp3
Aug 22 14:26 : update: added nmmng/Kapitel_012.mp3
Aug 22 14:26 : update: added nmmng/Kapitel_200.mp3
Aug 22 14:26 : update: added nmmng/Kapitel_029.mp3
Aug 22 14:26 : update: added nmmng/Kapitel_045.mp3
Aug 22 14:26 : update: added nmmng/Kapitel_149.mp3
Aug 22 14:26 : update: added nmmng/Kapitel_124.mp3
Aug 22 14:26 : update: added nmmng/Kapitel_162.mp3
Aug 22 14:26 : update: added nmmng/Kapitel_109.mp3
Aug 22 14:26 : update: added nmmng/Kapitel_092.mp3
Aug 22 14:26 : update: added nmmng/Kapitel_104.mp3
Aug 22 14:26 : update: added nmmng/Kapitel_190.mp3
Aug 22 14:26 : update: added nmmng/Kapitel_175.mp3
Aug 22 14:26 : update: added nmmng/Kapitel_160.mp3
Aug 22 14:26 : update: added gaming/DROELOE - Make My Day-241462534.mp3
Aug 22 14:26 : update: added gaming/Unt1tled_4-222459443.mp3
Aug 22 14:26 : update: added gaming/Gramatik - While I Was Playin' Fair-20272778.mp3
Aug 22 14:26 : update: added gaming/Priority One, TwoThirds- Hunted (Feat. Johnny Rose)-225721867.mp3
Aug 22 14:26 : update: added gaming/Vidya Vidya - Safari Fruits [NCS Release]-217462819.mp3
Aug 22 14:26 : update: added gaming/Losi - WUZU-248360627.mp3
Aug 22 14:26 : update: added gaming/Tristam & Braken - Frame of Mind-146330214.mp3
Aug 22 14:26 : update: added gaming/Desmeon - Back From The Dead [NCS Release]-256929759.mp3
Aug 22 14:26 : update: added gaming/JPB - Defeat The Night (ft. Ashley Apollodor)-231400903.mp3
Aug 22 14:26 : update: added gaming/Gioni - Trigger-182700263.mp3
Aug 22 14:26 : update: added gaming/I Can Hold a Grudge Like Nobody's Business-540192768.mp3
Aug 22 14:26 : update: added gaming/BeauDamian - No Know-228378854.mp3
Aug 22 14:26 : update: added gaming/San Holo x Yellow Claw - Alright-243599845.mp3
Aug 22 14:26 : update: added gaming/Sociopath (feat. Bryce Fox)-344522290.mp3
Aug 22 14:26 : update: added gaming/GLADIATOR-378480782.mp3
Aug 22 14:26 : update: added gaming/Cartoon feat. Jüri Pootsmann - I Remember U [NCS Release]-250664545.mp3
Aug 22 14:26 : update: added gaming/Legend-305848844.mp3
Aug 22 14:26 : exception: RTIOThread could not get realtime scheduling, continuing anyway: sched_setscheduler failed: Operation not permitted
Aug 22 14:26 : exception: RTIOThread could not get realtime scheduling, continuing anyway: sched_setscheduler failed: Operation not permitted
Aug 22 14:27 : exception: RTIOThread could not get realtime scheduling, continuing anyway: sched_setscheduler failed: Operation not permitted
Aug 22 14:29 : exception: RTIOThread could not get realtime scheduling, continuing anyway: sched_setscheduler failed: Operation not permitted
Aug 22 14:33 : exception: RTIOThread could not get realtime scheduling, continuing anyway: sched_setscheduler failed: Operation not permitted
Aug 22 14:34 : client: [0] opened from 127.0.0.1:36586
Aug 22 14:34 : exception: OutputThread could not get realtime scheduling, continuing anyway: sched_setscheduler failed: Operation not permitted
Aug 22 14:34 : exception: OutputThread could not get realtime scheduling, continuing anyway: sched_setscheduler failed: Operation not permitted
Aug 22 14:34 : player: played "gaming/BeauDamian - No Know-228378854.mp3"
Aug 22 14:37 : player: played "gaming/Desmeon - Back From The Dead [NCS Release]-256929759.mp3"
Aug 22 14:37 : client: [0] closed
Aug 22 14:38 : client: [1] opened from 127.0.0.1:36600
Aug 22 14:38 : client: [1] closed
Aug 22 14:38 : client: [2] opened from 127.0.0.1:36604
Aug 22 14:42 : player: played "gaming/BeauDamian - No Know-228378854.mp3"
Aug 22 14:43 : client: [2] closed
Aug 22 14:43 : client: [3] opened from 127.0.0.1:36678
Aug 22 14:43 : client: [3] closed
Aug 22 14:44 : client: [4] opened from 127.0.0.1:36682
Aug 22 14:44 : client: [4] closed
Aug 22 14:45 : client: [5] opened from 127.0.0.1:36686
Aug 22 14:46 : client: [5] closed
Aug 22 14:46 : client: [6] opened from 127.0.0.1:36726
Aug 22 14:46 : player: played "gaming/Cartoon feat. Jüri Pootsmann - I Remember U [NCS Release]-250664545.mp3"
Aug 22 14:46 : client: [7] opened from 127.0.0.1:36734
Aug 22 14:48 : client: [8] opened from 127.0.0.1:36744
Aug 22 14:48 : client: [9] opened from 127.0.0.1:36750
Aug 22 14:49 : client: [6] closed
Aug 22 14:49 : client: [7] closed
Aug 22 14:49 : client: [8] closed
Aug 22 14:49 : client: [9] closed
Aug 22 14:49 : client: [10] opened from 127.0.0.1:36754
Aug 22 14:50 : client: [10] closed
Aug 22 14:50 : client: [11] opened from 127.0.0.1:36758
Aug 22 14:50 : player: played "gaming/Desmeon - Back From The Dead [NCS Release]-256929759.mp3"
Aug 22 14:51 : client: [12] opened from 127.0.0.1:36762
Aug 22 14:53 : client: [11] closed
Aug 22 14:53 : client: [13] opened from 127.0.0.1:36846
Aug 22 14:53 : client: [13] closed
Aug 22 14:53 : client: [12] closed
Aug 22 14:53 : client: [14] opened from 127.0.0.1:36850
Aug 22 14:53 : player: played "gaming/Gioni - Trigger-182700263.mp3"
Aug 22 14:54 : client: [14] closed
Aug 22 14:54 : client: [15] opened from 127.0.0.1:36854
Aug 22 14:54 : client: [15] closed
Aug 22 14:56 : client: [16] opened from 127.0.0.1:36858
Aug 22 14:56 : client: [16] closed
Aug 22 14:56 : client: [17] opened from 127.0.0.1:36864
Aug 22 14:56 : client: [17] closed
Aug 22 14:56 : client: [18] opened from 127.0.0.1:36870
Aug 22 14:56 : player: played "gaming/GLADIATOR-378480782.mp3"
Aug 22 14:56 : client: [18] closed
Aug 22 15:13 : client: [19] opened from 127.0.0.1:37036
Aug 22 15:13 : client: [19] closed
Aug 22 15:13 : client: [20] opened from 127.0.0.1:37040
Aug 22 15:14 : client: [20] closed
Aug 22 15:14 : client: [21] opened from 127.0.0.1:37044
Aug 22 15:14 : client: [21] closed
Aug 22 15:16 : client: [22] opened from 127.0.0.1:37054
Aug 22 15:19 : client: [22] closed
Aug 22 15:20 : client: [23] opened from 127.0.0.1:37160
Aug 22 15:20 : client: [23] closed
Aug 22 15:21 : client: [24] opened from 127.0.0.1:37164
Aug 22 15:22 : client: [24] closed
Aug 22 15:23 : client: [25] opened from 127.0.0.1:37334
Aug 22 15:24 : client: [25] closed
Aug 22 15:25 : player: played "gaming/I Can Hold a Grudge Like Nobody's Business-540192768.mp3"
Aug 22 15:25 : client: [26] opened from 127.0.0.1:37338
Aug 22 15:25 : client: [26] closed
Aug 22 15:25 : client: [27] opened from 127.0.0.1:37342
Aug 22 15:25 : client: [27] closed
Aug 22 15:26 : client: [28] opened from 127.0.0.1:37346
Aug 22 15:26 : client: [28] closed
Aug 22 15:27 : client: [29] opened from 127.0.0.1:37354
Aug 22 15:27 : client: [29] closed
Aug 22 15:27 : client: [30] opened from 127.0.0.1:37366
Aug 22 15:27 : client: [30] closed
Aug 22 15:27 : client: [31] opened from 127.0.0.1:37370
Aug 22 15:27 : client: [31] closed
Aug 22 15:27 : client: [32] opened from 127.0.0.1:37376
Aug 22 15:34 : player: played "gaming/JPB - Defeat The Night (ft. Ashley Apollodor)-231400903.mp3"
Aug 22 15:38 : player: played "gaming/Legend-305848844.mp3"
Aug 22 15:38 : client: [33] opened from 127.0.0.1:37550
Aug 22 15:38 : client: [33] closed
Aug 22 15:38 : client: [32] closed
Aug 25 14:36 : client: [34] opened from 127.0.0.1:37846
Aug 25 14:36 : client: [34] closed
Aug 26 22:26 : client: [35] opened from 127.0.0.1:37928
Aug 26 22:27 : client: [35] closed
Aug 28 21:50 : player: played "gaming/Priority One, TwoThirds- Hunted (Feat. Johnny Rose)-225721867.mp3"
